<?xml version="1.0" encoding="UTF-8"?>
<!-- Generated by org.testng.reporters.JUnitXMLReporter -->
<testsuite ignored="2" hostname="DESKTOP-E01A0PI" failures="0" tests="5" name="Car Loan" time="0.316" errors="0" timestamp="2024-07-24T11:26:49 IST">
  <testcase classname="test.day3" name="MobileLogincarLoan" time="0.015"/>
  <testcase classname="test.day3" name="MobilesignoutcarLoan" time="0.021"/>
  <testcase classname="test.day3" name="MobilesignoutcarLoan" time="0.01"/>
  <testcase classname="test.day3" name="MobilesignoutcarLoan" time="0.029"/>
  <testcase classname="test.day3" name="WebloginCarLoan" time="0.006"/>
  <testcase classname="test.day3" name="APIcarLoan" time="0.0">
    <ignored/>
  </testcase> <!-- APIcarLoan -->
  <testcase classname="test.day3" name="MobilesignimcarLoan" time="0.0">
    <ignored/>
  </testcase> <!-- MobilesignimcarLoan -->
</testsuite> <!-- Car Loan -->
