<?xml version="1.0" encoding="UTF-8"?>
<!-- Generated by org.testng.reporters.JUnitXMLReporter -->
<testsuite ignored="1" hostname="DESKTOP-E01A0PI" failures="0" tests="5" name="Personal loan" time="0.311" errors="0" timestamp="2024-07-24T11:26:49 IST">
  <testcase classname="test.day1" name="Demo" time="0.039"/>
  <testcase classname="test.day2" name="ploan" time="0.004"/>
  <testcase classname="test.day4" name="LoginAPIHomeLoan" time="0.016"/>
  <testcase classname="test.day4" name="MobileLoginHomeLoan" time="0.051"/>
  <testcase classname="test.day4" name="WebloginHomeLoan" time="0.044"/>
  <testcase classname="test.day1" name="SecondTest" time="0.0">
    <ignored/>
  </testcase> <!-- SecondTest -->
</testsuite> <!-- Personal loan -->
